c:\users\miguel gallegos\documents\visual studio 2015\projects\ocvdll\ocvdll\x64\release\ocvdll.pch
c:\users\miguel gallegos\documents\visual studio 2015\projects\ocvdll\ocvdll\x64\release\vc140.pdb
c:\users\miguel gallegos\documents\visual studio 2015\projects\ocvdll\ocvdll\x64\release\stdafx.obj
c:\users\miguel gallegos\documents\visual studio 2015\projects\ocvdll\ocvdll\x64\release\dllmain.obj
c:\users\miguel gallegos\documents\visual studio 2015\projects\ocvdll\ocvdll\x64\release\subject.obj
c:\users\miguel gallegos\documents\visual studio 2015\projects\ocvdll\ocvdll\x64\release\ocvdll.obj
c:\users\miguel gallegos\documents\visual studio 2015\projects\ocvdll\ocvdll\x64\release\matcherw.obj
c:\users\miguel gallegos\documents\visual studio 2015\projects\ocvdll\x64\release\ocvdll.dll
c:\users\miguel gallegos\documents\visual studio 2015\projects\ocvdll\x64\release\ocvdll.ipdb
c:\users\miguel gallegos\documents\visual studio 2015\projects\ocvdll\x64\release\ocvdll.iobj
c:\users\miguel gallegos\documents\visual studio 2015\projects\ocvdll\x64\release\ocvdll.pdb
c:\users\miguel gallegos\documents\visual studio 2015\projects\ocvdll\x64\release\ocvdll.lib
c:\users\miguel gallegos\documents\visual studio 2015\projects\ocvdll\x64\release\ocvdll.exp
c:\users\miguel gallegos\documents\visual studio 2015\projects\ocvdll\ocvdll\x64\release\ocvdll.tlog\cl.command.1.tlog
c:\users\miguel gallegos\documents\visual studio 2015\projects\ocvdll\ocvdll\x64\release\ocvdll.tlog\cl.read.1.tlog
c:\users\miguel gallegos\documents\visual studio 2015\projects\ocvdll\ocvdll\x64\release\ocvdll.tlog\cl.write.1.tlog
c:\users\miguel gallegos\documents\visual studio 2015\projects\ocvdll\ocvdll\x64\release\ocvdll.tlog\link.command.1.tlog
c:\users\miguel gallegos\documents\visual studio 2015\projects\ocvdll\ocvdll\x64\release\ocvdll.tlog\link.read.1.tlog
c:\users\miguel gallegos\documents\visual studio 2015\projects\ocvdll\ocvdll\x64\release\ocvdll.tlog\link.write.1.tlog
c:\users\miguel gallegos\documents\visual studio 2015\projects\ocvdll\ocvdll\x64\release\ocvdll.tlog\ocvdll.write.1u.tlog
